<?xml version="1.0" encoding="UTF-8"?>
<testsuite xmlns:xsi="http://www.w3.org/2001/XMLSchema-instance" xsi:noNamespaceSchemaLocation="https://maven.apache.org/surefire/maven-surefire-plugin/xsd/surefire-test-report-3.0.xsd" version="3.0" name="testCases.HotelAsyncSearchTestCase" time="3.767" tests="2" errors="0" skipped="0" failures="0">
  <properties>
[...]
</properties>
  <testcase name="HotelAsyncSearchNegativeCase" classname="testCases.HotelAsyncSearchTestCase" time="2.345">
    <system-out><![CDATA[Request method:	POST
Request URI:	https://www.almosafer.com/api/enigma/search/async
Proxy:			<none>
Request params:	<none>
Query params:	<none>
Form params:	<none>
Path params:	<none>
Headers:		Token=skdjfh73273$7268u2j89s
				Accept=*/*
				Content-Type=application/json; charset=UTF-8
Cookies:		<none>
Multiparts:		<none>
Body:
{
    "roomsInfo": [
        {
            "adultsCount": 2,
            "kidsAges": [
                
            ]
        }
    ],
    "checkIn": "2023-09-14",
    "query": "amman",
    "checkOut": "2023-09-13"
}
HTTP/1.1 400 Bad Request
Date: Sun, 03 Sep 2023 22:59:55 GMT
Content-Type: application/json
Content-Length: 271
Connection: keep-alive
X-Real-IP: 109.107.243.77
CF-Ray: 80119b20ff991e5c-FRA
CF-Cache-Status: DYNAMIC
Accept-Ranges: bytes
Strict-Transport-Security: max-age=15552000; includeSubDomains; preload
APP-ID: 50
APP-NAME: almosafer.com
Content-Security-Policy: upgrade-insecure-requests; base-uri 'self'; object-src 'self'; frame-ancestors https://almosafer.com https://*.almosafer.com https://z2.le.liveperson.net;
Referrer-Policy: no-referrer-when-downgrade
SPAN-ID: e42a578069a5eb0d
TRACE-ID: e42a578069a5eb0d
X-Content-Type-Options: nosniff
x-env-type: prod
X-GeoIP-City: Amman
X-GeoIP-Country: Jordan
X-GeoIP-Country-Code: JO
X-GeoIP-Region: Amman Governorate
x-real-client-ip: 109.107.243.77
X-XSS-Protection: 1; mode=block
Set-Cookie: __cf_bm=PsU2w3G9VOv6KMgS4VCCdUkS2Zo_u3QgWqoZwBWhp8c-1693781995-0-AY9wMDlow1xBaNbCpvbxTbSTbc7hZAPUFU0qfLctwwrWWkGkeyH8L0DCKBDsKw1C5be6JgqkOGXFeHZ8r002zro=; path=/; expires=Sun, 03-Sep-23 23:29:55 GMT; domain=.almosafer.com; HttpOnly; Secure; SameSite=None
Vary: Accept-Encoding
Server: cloudflare
alt-svc: h3=":443"; ma=86400

{
    "timestamp": "2023-09-03T22:59:55.713+00:00",
    "path": "/search/async",
    "status": 400,
    "error": "Bad Request",
    "message": null,
    "requestId": "7a2fb758-1",
    "traceId": "e42a578069a5eb0d",
    "serviceName": "hotel-core-service",
    "errorCodes": [
        "1021"
    ],
    "errorType": "Validation error",
    "code": 106
}
Status code = 400
]]></system-out>
  </testcase>
  <testcase name="HotelAsyncSearchHappyCase" classname="testCases.HotelAsyncSearchTestCase" time="1.361">
    <system-out><![CDATA[Request method:	POST
Request URI:	https://www.almosafer.com/api/enigma/search/async
Proxy:			<none>
Request params:	<none>
Query params:	<none>
Form params:	<none>
Path params:	<none>
Headers:		Token=skdjfh73273$7268u2j89s
				Accept=*/*
				Content-Type=application/json; charset=UTF-8
Cookies:		<none>
Multiparts:		<none>
Body:
{
    "roomsInfo": [
        {
            "adultsCount": 2,
            "kidsAges": [
                
            ]
        }
    ],
    "checkIn": "2023-09-14",
    "query": "amman",
    "checkOut": "2023-09-16"
}
HTTP/1.1 200 OK
Date: Sun, 03 Sep 2023 22:59:57 GMT
Content-Type: application/json
Content-Length: 46
Connection: keep-alive
X-Real-IP: 109.107.243.77
CF-Ray: 80119b2c6d6d1c32-FRA
CF-Cache-Status: DYNAMIC
Accept-Ranges: bytes
Strict-Transport-Security: max-age=15552000; includeSubDomains; preload
APP-ID: 50
APP-NAME: almosafer.com
Content-Security-Policy: upgrade-insecure-requests; base-uri 'self'; object-src 'self'; frame-ancestors https://almosafer.com https://*.almosafer.com https://z2.le.liveperson.net;
Referrer-Policy: no-referrer-when-downgrade
SPAN-ID: 63d4a4fe72b079a2
TRACE-ID: 63d4a4fe72b079a2
X-Content-Type-Options: nosniff
x-env-type: prod
X-GeoIP-City: Amman
X-GeoIP-Country: Jordan
X-GeoIP-Country-Code: JO
X-GeoIP-Region: Amman Governorate
x-real-client-ip: 109.107.243.77
X-XSS-Protection: 1; mode=block
Set-Cookie: __cf_bm=TTCH7lEuTf4g3E6nR_2HXsu6jyG85W8H23Xfgu56cg8-1693781997-0-Acfk4iwhzIpBsGyjZA6dL9CDR0swYrLmb7jq6Yas06ddxRLFvjGjhkIk8Q0HWgF3H3nrmlyN4EL0sdkqfkZDsn0=; path=/; expires=Sun, 03-Sep-23 23:29:57 GMT; domain=.almosafer.com; HttpOnly; Secure; SameSite=None
Vary: Accept-Encoding
Server: cloudflare
alt-svc: h3=":443"; ma=86400

{
    "sId": "3b78badb-b6f4-4871-9224-85e881d9a6e1"
}
Status code = 200
]]></system-out>
  </testcase>
</testsuite>