<?xml version="1.0" encoding="UTF-8"?>
<testsuite xmlns:xsi="http://www.w3.org/2001/XMLSchema-instance" xsi:noNamespaceSchemaLocation="https://maven.apache.org/surefire/maven-surefire-plugin/xsd/surefire-test-report-3.0.xsd" version="3.0" name="testCases.FlightGetTestCase" time="0.784" tests="2" errors="0" skipped="0" failures="0">
  <properties>
[...]
</properties>
  <testcase name="FlightGetResourceHappyCase" classname="testCases.FlightGetTestCase" time="0.422">
    <system-out><![CDATA[Request method:	GET
Request URI:	https://www.almosafer.com/api/flight/resource/codes/DXB
Proxy:			<none>
Request params:	<none>
Query params:	<none>
Form params:	<none>
Path params:	<none>
Headers:		Accept=*/*
				Content-Type=application/json; charset=UTF-8
Cookies:		<none>
Multiparts:		<none>
Body:			<none>
HTTP/1.1 200 OK
Date: Sun, 03 Sep 2023 22:59:57 GMT
Content-Type: application/json
Content-Length: 245
Connection: keep-alive
X-Real-IP: 109.107.243.77
CF-Ray: 80119b2ee9f51bc3-FRA
CF-Cache-Status: DYNAMIC
Access-Control-Allow-Origin: www.almosafer.com
Cache-Control: must-revalidate, post-check=0, pre-check=0, private
Content-Encoding: gzip
Strict-Transport-Security: max-age=15552000; includeSubDomains; preload
Vary: Accept-Encoding, Accept-Encoding
Access-Control-Allow-Credentials: true
Access-Control-Allow-Headers: 
Access-Control-Allow-Methods: HEAD, GET, POST, OPTIONS, PUT, DELETE
Content-Security-Policy: upgrade-insecure-requests; base-uri 'self'; object-src 'self'; frame-ancestors https://almosafer.com https://*.almosafer.com https://z2.le.liveperson.net;
Pragma: no-cache
Referrer-Policy: no-referrer-when-downgrade
X-Adebug-host: flights-flight-api.flights.svc.cluster.local
X-Adebug-host: www.almosafer.com
X-Adebug-port: 80
X-Adebug-port: 80
X-Adebug-real-ip: 10.160.206.247
X-Adebug-real-ip: 10.160.92.170
X-Adebug-ruri: /flight/resource/codes/DXB
X-Adebug-ruri: /api/flight/resource/codes/DXB
X-Alimit-rpath: /flight/resource/codes/DXB
X-Alimit-rpath: /api/flight/resource/codes/DXB
X-ARuntime: 0.014
X-ARuntime: 0.038
X-AServed-By: 10.160.142.88
X-AServed-By: 10.160.206.247
X-Aus: 127.0.0.1:9002
X-Aus: 127.0.0.1:9002
X-Content-Type-Options: nosniff
x-encoded-content-encoding: gzip
x-env-type: prod
X-GeoIP-City: Amman
X-GeoIP-Country: Jordan
X-GeoIP-Country-Code: JO
X-GeoIP-Region: Amman Governorate
X-is-bot-api: 0
X-is-bot-api: 0
x-real-client-ip: 109.107.243.77
X-XSS-Protection: 1; mode=block
Set-Cookie: __cf_bm=7p__UpXYVN0PrTH.wn7FBe09yZWdAKRyedjXykHe0eg-1693781997-0-AQDVBCvG/JarKEj7t1T6dAJwtuEax/5KjClUgU9Kv3KnDqKKURuNawEFwYXC/D6UnzZYmNu9dpsn14g0WT5fU4U=; path=/; expires=Sun, 03-Sep-23 23:29:57 GMT; domain=.almosafer.com; HttpOnly; Secure; SameSite=None
Server: cloudflare
alt-svc: h3=":443"; ma=86400

{
    "airline": [
        
    ],
    "airport": [
        {
            "code": "DXB",
            "tz": "Asia/Dubai",
            "timeZone": "4.00",
            "type": "1",
            "label": {
                "en": "Dubai International Airport",
                "ar": "مطار دبي الدولي"
            },
            "country": {
                "label": {
                    "en": "United Arab Emirates",
                    "ar": "الإمارات العربية المتحدة"
                },
                "code": "AE"
            },
            "city": {
                "en": "Dubai",
                "ar": "دبى"
            }
        }
    ]
}
Status code = 200
]]></system-out>
  </testcase>
  <testcase name="FlightGetResourceNegative" classname="testCases.FlightGetTestCase" time="0.361">
    <system-out><![CDATA[Request method:	GET
Request URI:	https://www.almosafer.com/api/flight/resource/codes/asfaffs
Proxy:			<none>
Request params:	<none>
Query params:	<none>
Form params:	<none>
Path params:	<none>
Headers:		Accept=*/*
				Content-Type=application/json; charset=UTF-8
Cookies:		<none>
Multiparts:		<none>
Body:			<none>
HTTP/1.1 200 OK
Date: Sun, 03 Sep 2023 22:59:58 GMT
Content-Type: application/json
Content-Length: 42
Connection: keep-alive
X-Real-IP: 109.107.243.77
CF-Ray: 80119b315ccd4db9-FRA
CF-Cache-Status: DYNAMIC
Access-Control-Allow-Origin: www.almosafer.com
Cache-Control: must-revalidate, post-check=0, pre-check=0, private
Content-Encoding: gzip
Strict-Transport-Security: max-age=15552000; includeSubDomains; preload
Vary: Accept-Encoding, Accept-Encoding
Access-Control-Allow-Credentials: true
Access-Control-Allow-Headers: 
Access-Control-Allow-Methods: HEAD, GET, POST, OPTIONS, PUT, DELETE
Content-Security-Policy: upgrade-insecure-requests; base-uri 'self'; object-src 'self'; frame-ancestors https://almosafer.com https://*.almosafer.com https://z2.le.liveperson.net;
Pragma: no-cache
Referrer-Policy: no-referrer-when-downgrade
X-Adebug-host: flights-flight-api.flights.svc.cluster.local
X-Adebug-host: www.almosafer.com
X-Adebug-port: 80
X-Adebug-port: 80
X-Adebug-real-ip: 10.160.206.247
X-Adebug-real-ip: 10.160.179.132
X-Adebug-ruri: /flight/resource/codes/asfaffs
X-Adebug-ruri: /api/flight/resource/codes/asfaffs
X-Alimit-rpath: /flight/resource/codes/asfaffs
X-Alimit-rpath: /api/flight/resource/codes/asfaffs
X-ARuntime: 0.011
X-ARuntime: 0.036
X-AServed-By: 10.160.75.80
X-AServed-By: 10.160.206.247
X-Aus: 127.0.0.1:9002
X-Aus: 127.0.0.1:9002
X-Content-Type-Options: nosniff
x-encoded-content-encoding: gzip
x-env-type: prod
X-GeoIP-City: Amman
X-GeoIP-Country: Jordan
X-GeoIP-Country-Code: JO
X-GeoIP-Region: Amman Governorate
X-is-bot-api: 0
X-is-bot-api: 0
x-real-client-ip: 109.107.243.77
X-XSS-Protection: 1; mode=block
Set-Cookie: __cf_bm=QvrmM12jzNtS5xoSkCae3MmF.ETAspbILJcqhG6UxDI-1693781998-0-AZUVHu/cQCnzw4cjBYdrvv0V0RprCHvVGduNZNLBDSj/eFNf97xghpRA+bRxZUWVykqmh0SqZY6Y/gVtQffqwrU=; path=/; expires=Sun, 03-Sep-23 23:29:58 GMT; domain=.almosafer.com; HttpOnly; Secure; SameSite=None
Server: cloudflare
alt-svc: h3=":443"; ma=86400

{
    "airline": [
        
    ],
    "airport": [
        
    ]
}
Status code = 200
]]></system-out>
  </testcase>
</testsuite>